{"C:\\Users\\anchi\\Documents\\PROGRAMMING\\PORTFOLIO PROJECTS\\Prueba Tecnica\\back\\src\\index.ts": {"path":"C:\\Users\\anchi\\Documents\\PROGRAMMING\\PORTFOLIO PROJECTS\\Prueba Tecnica\\back\\src\\index.ts","statementMap":{"0":{"start":{"line":1,"column":0},"end":{"line":1,"column":30}},"1":{"start":{"line":2,"column":0},"end":{"line":2,"column":24}},"2":{"start":{"line":3,"column":0},"end":{"line":3,"column":51}},"3":{"start":{"line":4,"column":0},"end":{"line":4,"column":35}},"4":{"start":{"line":5,"column":0},"end":{"line":5,"column":35}},"5":{"start":{"line":6,"column":0},"end":{"line":6,"column":24}},"6":{"start":{"line":7,"column":0},"end":{"line":7,"column":28}},"7":{"start":{"line":8,"column":0},"end":{"line":8,"column":39}},"8":{"start":{"line":9,"column":0},"end":{"line":9,"column":63}},"9":{"start":{"line":10,"column":0},"end":{"line":10,"column":22}},"10":{"start":{"line":12,"column":0},"end":{"line":12,"column":16}},"11":{"start":{"line":13,"column":12},"end":{"line":13,"column":21}},"12":{"start":{"line":52,"column":13},"end":{"line":52,"column":16}},"13":{"start":{"line":15,"column":15},"end":{"line":15,"column":37}},"14":{"start":{"line":16,"column":11},"end":{"line":20,"column":2}},"15":{"start":{"line":52,"column":9},"end":{"line":52,"column":11}},"16":{"start":{"line":22,"column":0},"end":{"line":22,"column":49}},"17":{"start":{"line":23,"column":0},"end":{"line":23,"column":24}},"18":{"start":{"line":24,"column":0},"end":{"line":24,"column":16}},"19":{"start":{"line":26,"column":0},"end":{"line":26,"column":25}},"20":{"start":{"line":27,"column":0},"end":{"line":27,"column":25}},"21":{"start":{"line":29,"column":13},"end":{"line":29,"column":37}},"22":{"start":{"line":31,"column":0},"end":{"line":33,"column":3}},"23":{"start":{"line":32,"column":2},"end":{"line":32,"column":19}},"24":{"start":{"line":35,"column":15},"end":{"line":38,"column":2}},"25":{"start":{"line":40,"column":0},"end":{"line":42,"column":3}},"26":{"start":{"line":41,"column":2},"end":{"line":41,"column":49}},"27":{"start":{"line":44,"column":0},"end":{"line":50,"column":3}},"28":{"start":{"line":45,"column":2},"end":{"line":45,"column":47}},"29":{"start":{"line":47,"column":2},"end":{"line":49,"column":5}},"30":{"start":{"line":48,"column":4},"end":{"line":48,"column":52}},"31":{"start":{"line":54,"column":20},"end":{"line":64,"column":2}},"32":{"start":{"line":54,"column":31},"end":{"line":64,"column":2}},"33":{"start":{"line":55,"column":2},"end":{"line":63,"column":3}},"34":{"start":{"line":56,"column":4},"end":{"line":56,"column":27}},"35":{"start":{"line":58,"column":4},"end":{"line":60,"column":7}},"36":{"start":{"line":62,"column":4},"end":{"line":62,"column":49}},"37":{"start":{"line":66,"column":0},"end":{"line":66,"column":14}}},"fnMap":{"0":{"name":"(anonymous_8)","decl":{"start":{"line":31,"column":13},"end":{"line":31,"column":14}},"loc":{"start":{"line":31,"column":24},"end":{"line":33,"column":1}}},"1":{"name":"(anonymous_9)","decl":{"start":{"line":40,"column":47},"end":{"line":40,"column":48}},"loc":{"start":{"line":40,"column":58},"end":{"line":42,"column":1}}},"2":{"name":"(anonymous_10)","decl":{"start":{"line":44,"column":20},"end":{"line":44,"column":21}},"loc":{"start":{"line":44,"column":31},"end":{"line":50,"column":1}}},"3":{"name":"(anonymous_11)","decl":{"start":{"line":47,"column":26},"end":{"line":47,"column":29}},"loc":{"start":{"line":47,"column":31},"end":{"line":49,"column":3}}},"4":{"name":"(anonymous_12)","decl":{"start":{"line":54,"column":20},"end":{"line":54,"column":29}},"loc":{"start":{"line":54,"column":31},"end":{"line":64,"column":2}}},"5":{"name":"(anonymous_13)","decl":{"start":{"line":54,"column":31},"end":{"line":54,"column":null}},"loc":{"start":{"line":54,"column":31},"end":{"line":64,"column":1}}},"6":{"name":"(anonymous_14)","decl":{"start":{"line":58,"column":24},"end":{"line":58,"column":27}},"loc":{"start":{"line":58,"column":29},"end":{"line":60,"column":5}}}},"branchMap":{"0":{"loc":{"start":{"line":29,"column":13},"end":{"line":29,"column":37}},"type":"binary-expr","locations":[{"start":{"line":29,"column":13},"end":{"line":29,"column":29}},{"start":{"line":29,"column":33},"end":{"line":29,"column":37}}]}},"s":{"0":1,"1":1,"2":1,"3":1,"4":1,"5":1,"6":1,"7":1,"8":1,"9":1,"10":1,"11":1,"12":1,"13":1,"14":1,"15":1,"16":1,"17":1,"18":1,"19":1,"20":1,"21":1,"22":1,"23":0,"24":1,"25":1,"26":1,"27":1,"28":0,"29":0,"30":0,"31":1,"32":1,"33":1,"34":1,"35":0,"36":0,"37":1},"f":{"0":0,"1":1,"2":0,"3":0,"4":1,"5":1,"6":0},"b":{"0":[1,0]}}
,"C:\\Users\\anchi\\Documents\\PROGRAMMING\\PORTFOLIO PROJECTS\\Prueba Tecnica\\back\\src\\types.ts": {"path":"C:\\Users\\anchi\\Documents\\PROGRAMMING\\PORTFOLIO PROJECTS\\Prueba Tecnica\\back\\src\\types.ts","statementMap":{"0":{"start":{"line":1,"column":0},"end":{"line":1,"column":null}},"1":{"start":{"line":2,"column":2},"end":{"line":2,"column":null}},"2":{"start":{"line":3,"column":2},"end":{"line":3,"column":null}},"3":{"start":{"line":4,"column":2},"end":{"line":4,"column":null}},"4":{"start":{"line":7,"column":0},"end":{"line":7,"column":null}},"5":{"start":{"line":8,"column":2},"end":{"line":8,"column":null}},"6":{"start":{"line":9,"column":2},"end":{"line":9,"column":null}}},"fnMap":{"0":{"name":"(anonymous_0)","decl":{"start":{"line":1,"column":0},"end":{"line":1,"column":12}},"loc":{"start":{"line":1,"column":23},"end":{"line":5,"column":1}}},"1":{"name":"(anonymous_1)","decl":{"start":{"line":7,"column":0},"end":{"line":7,"column":12}},"loc":{"start":{"line":7,"column":16},"end":{"line":10,"column":1}}}},"branchMap":{"0":{"loc":{"start":{"line":1,"column":12},"end":{"line":1,"column":null}},"type":"binary-expr","locations":[{"start":{"line":1,"column":12},"end":{"line":1,"column":23}},{"start":{"line":1,"column":23},"end":{"line":1,"column":null}}]},"1":{"loc":{"start":{"line":7,"column":12},"end":{"line":7,"column":null}},"type":"binary-expr","locations":[{"start":{"line":7,"column":12},"end":{"line":7,"column":16}},{"start":{"line":7,"column":16},"end":{"line":7,"column":null}}]}},"s":{"0":1,"1":1,"2":1,"3":1,"4":1,"5":1,"6":1},"f":{"0":1,"1":1},"b":{"0":[1,1],"1":[1,1]}}
,"C:\\Users\\anchi\\Documents\\PROGRAMMING\\PORTFOLIO PROJECTS\\Prueba Tecnica\\back\\src\\db\\sequelize.ts": {"path":"C:\\Users\\anchi\\Documents\\PROGRAMMING\\PORTFOLIO PROJECTS\\Prueba Tecnica\\back\\src\\db\\sequelize.ts","statementMap":{"0":{"start":{"line":2,"column":0},"end":{"line":2,"column":38}},"1":{"start":{"line":3,"column":0},"end":{"line":3,"column":33}},"2":{"start":{"line":4,"column":0},"end":{"line":4,"column":null}},"3":{"start":{"line":6,"column":18},"end":{"line":10,"column":2}},"4":{"start":{"line":12,"column":0},"end":{"line":12,"column":25}}},"fnMap":{},"branchMap":{},"s":{"0":2,"1":2,"2":2,"3":2,"4":2},"f":{},"b":{}}
,"C:\\Users\\anchi\\Documents\\PROGRAMMING\\PORTFOLIO PROJECTS\\Prueba Tecnica\\back\\src\\middleware\\auth.ts": {"path":"C:\\Users\\anchi\\Documents\\PROGRAMMING\\PORTFOLIO PROJECTS\\Prueba Tecnica\\back\\src\\middleware\\auth.ts","statementMap":{"0":{"start":{"line":2,"column":0},"end":{"line":2,"column":48}},"1":{"start":{"line":3,"column":0},"end":{"line":3,"column":51}},"2":{"start":{"line":4,"column":0},"end":{"line":4,"column":31}},"3":{"start":{"line":5,"column":0},"end":{"line":5,"column":28}},"4":{"start":{"line":6,"column":0},"end":{"line":6,"column":35}},"5":{"start":{"line":8,"column":0},"end":{"line":8,"column":16}},"6":{"start":{"line":11,"column":20},"end":{"line":68,"column":1}},"7":{"start":{"line":12,"column":2},"end":{"line":67,"column":4}},"8":{"start":{"line":12,"column":67},"end":{"line":67,"column":4}},"9":{"start":{"line":13,"column":23},"end":{"line":13,"column":48}},"10":{"start":{"line":15,"column":4},"end":{"line":19,"column":5}},"11":{"start":{"line":16,"column":6},"end":{"line":18,"column":44}},"12":{"start":{"line":21,"column":18},"end":{"line":21,"column":42}},"13":{"start":{"line":23,"column":4},"end":{"line":64,"column":5}},"14":{"start":{"line":24,"column":22},"end":{"line":24,"column":87}},"15":{"start":{"line":26,"column":19},"end":{"line":26,"column":50}},"16":{"start":{"line":27,"column":6},"end":{"line":31,"column":7}},"17":{"start":{"line":28,"column":8},"end":{"line":30,"column":46}},"18":{"start":{"line":33,"column":6},"end":{"line":58,"column":7}},"19":{"start":{"line":35,"column":10},"end":{"line":39,"column":11}},"20":{"start":{"line":36,"column":12},"end":{"line":38,"column":74}},"21":{"start":{"line":41,"column":10},"end":{"line":41,"column":16}},"22":{"start":{"line":44,"column":10},"end":{"line":48,"column":11}},"23":{"start":{"line":45,"column":12},"end":{"line":47,"column":80}},"24":{"start":{"line":49,"column":10},"end":{"line":49,"column":16}},"25":{"start":{"line":52,"column":10},"end":{"line":52,"column":16}},"26":{"start":{"line":55,"column":10},"end":{"line":57,"column":51}},"27":{"start":{"line":61,"column":6},"end":{"line":63,"column":41}},"28":{"start":{"line":66,"column":4},"end":{"line":66,"column":18}},"29":{"start":{"line":11,"column":13},"end":{"line":11,"column":20}}},"fnMap":{"0":{"name":"(anonymous_8)","decl":{"start":{"line":11,"column":20},"end":{"line":11,"column":21}},"loc":{"start":{"line":11,"column":48},"end":{"line":68,"column":1}}},"1":{"name":"(anonymous_9)","decl":{"start":{"line":12,"column":9},"end":{"line":12,"column":16}},"loc":{"start":{"line":12,"column":67},"end":{"line":67,"column":4}}},"2":{"name":"(anonymous_10)","decl":{"start":{"line":12,"column":67},"end":{"line":12,"column":null}},"loc":{"start":{"line":12,"column":67},"end":{"line":67,"column":3}}}},"branchMap":{"0":{"loc":{"start":{"line":15,"column":4},"end":{"line":19,"column":5}},"type":"if","locations":[{"start":{"line":15,"column":4},"end":{"line":19,"column":5}}]},"1":{"loc":{"start":{"line":15,"column":8},"end":{"line":15,"column":56}},"type":"binary-expr","locations":[{"start":{"line":15,"column":8},"end":{"line":15,"column":19}},{"start":{"line":15,"column":23},"end":{"line":15,"column":56}}]},"2":{"loc":{"start":{"line":27,"column":6},"end":{"line":31,"column":7}},"type":"if","locations":[{"start":{"line":27,"column":6},"end":{"line":31,"column":7}}]},"3":{"loc":{"start":{"line":33,"column":6},"end":{"line":58,"column":7}},"type":"switch","locations":[{"start":{"line":34,"column":8},"end":{"line":41,"column":16}},{"start":{"line":43,"column":8},"end":{"line":49,"column":16}},{"start":{"line":51,"column":8},"end":{"line":52,"column":16}},{"start":{"line":54,"column":8},"end":{"line":57,"column":51}}]},"4":{"loc":{"start":{"line":35,"column":10},"end":{"line":39,"column":11}},"type":"if","locations":[{"start":{"line":35,"column":10},"end":{"line":39,"column":11}}]},"5":{"loc":{"start":{"line":44,"column":10},"end":{"line":48,"column":11}},"type":"if","locations":[{"start":{"line":44,"column":10},"end":{"line":48,"column":11}}]}},"s":{"0":1,"1":1,"2":1,"3":1,"4":1,"5":1,"6":1,"7":5,"8":0,"9":0,"10":0,"11":0,"12":0,"13":0,"14":0,"15":0,"16":0,"17":0,"18":0,"19":0,"20":0,"21":0,"22":0,"23":0,"24":0,"25":0,"26":0,"27":0,"28":0,"29":1},"f":{"0":5,"1":0,"2":0},"b":{"0":[0],"1":[0,0],"2":[0],"3":[0,0,0,0],"4":[0],"5":[0]}}
,"C:\\Users\\anchi\\Documents\\PROGRAMMING\\PORTFOLIO PROJECTS\\Prueba Tecnica\\back\\src\\middleware\\validateRequest.ts": {"path":"C:\\Users\\anchi\\Documents\\PROGRAMMING\\PORTFOLIO PROJECTS\\Prueba Tecnica\\back\\src\\middleware\\validateRequest.ts","statementMap":{"0":{"start":{"line":3,"column":0},"end":{"line":3,"column":48}},"1":{"start":{"line":5,"column":31},"end":{"line":15,"column":1}},"2":{"start":{"line":6,"column":2},"end":{"line":14,"column":4}},"3":{"start":{"line":7,"column":22},"end":{"line":7,"column":47}},"4":{"start":{"line":8,"column":4},"end":{"line":12,"column":5}},"5":{"start":{"line":9,"column":6},"end":{"line":11,"column":43}},"6":{"start":{"line":13,"column":4},"end":{"line":13,"column":18}},"7":{"start":{"line":5,"column":13},"end":{"line":5,"column":31}}},"fnMap":{"0":{"name":"(anonymous_0)","decl":{"start":{"line":5,"column":31},"end":{"line":5,"column":32}},"loc":{"start":{"line":5,"column":56},"end":{"line":15,"column":1}}},"1":{"name":"(anonymous_1)","decl":{"start":{"line":6,"column":9},"end":{"line":6,"column":10}},"loc":{"start":{"line":6,"column":61},"end":{"line":14,"column":3}}}},"branchMap":{"0":{"loc":{"start":{"line":8,"column":4},"end":{"line":12,"column":5}},"type":"if","locations":[{"start":{"line":8,"column":4},"end":{"line":12,"column":5}}]}},"s":{"0":1,"1":1,"2":5,"3":4,"4":4,"5":3,"6":1,"7":1},"f":{"0":5,"1":4},"b":{"0":[3]}}
,"C:\\Users\\anchi\\Documents\\PROGRAMMING\\PORTFOLIO PROJECTS\\Prueba Tecnica\\back\\src\\tasks\\controllers.ts": {"path":"C:\\Users\\anchi\\Documents\\PROGRAMMING\\PORTFOLIO PROJECTS\\Prueba Tecnica\\back\\src\\tasks\\controllers.ts","statementMap":{"0":{"start":{"line":1,"column":0},"end":{"line":1,"column":48}},"1":{"start":{"line":3,"column":0},"end":{"line":3,"column":null}},"2":{"start":{"line":10,"column":0},"end":{"line":10,"column":30}},"3":{"start":{"line":12,"column":30},"end":{"line":31,"column":2}},"4":{"start":{"line":12,"column":68},"end":{"line":31,"column":2}},"5":{"start":{"line":13,"column":2},"end":{"line":30,"column":3}},"6":{"start":{"line":14,"column":34},"end":{"line":14,"column":43}},"7":{"start":{"line":15,"column":4},"end":{"line":15,"column":24}},"8":{"start":{"line":16,"column":4},"end":{"line":18,"column":5}},"9":{"start":{"line":17,"column":6},"end":{"line":17,"column":15}},"10":{"start":{"line":19,"column":34},"end":{"line":21,"column":null}},"11":{"start":{"line":23,"column":4},"end":{"line":25,"column":59}},"12":{"start":{"line":27,"column":4},"end":{"line":29,"column":65}},"13":{"start":{"line":95,"column":2},"end":{"line":95,"column":23}},"14":{"start":{"line":33,"column":33},"end":{"line":45,"column":2}},"15":{"start":{"line":33,"column":71},"end":{"line":45,"column":2}},"16":{"start":{"line":34,"column":2},"end":{"line":44,"column":3}},"17":{"start":{"line":35,"column":23},"end":{"line":35,"column":33}},"18":{"start":{"line":36,"column":18},"end":{"line":36,"column":53}},"19":{"start":{"line":37,"column":4},"end":{"line":39,"column":61}},"20":{"start":{"line":41,"column":4},"end":{"line":43,"column":65}},"21":{"start":{"line":96,"column":2},"end":{"line":96,"column":26}},"22":{"start":{"line":47,"column":29},"end":{"line":61,"column":2}},"23":{"start":{"line":47,"column":67},"end":{"line":61,"column":2}},"24":{"start":{"line":48,"column":2},"end":{"line":60,"column":3}},"25":{"start":{"line":49,"column":23},"end":{"line":49,"column":33}},"26":{"start":{"line":50,"column":21},"end":{"line":50,"column":29}},"27":{"start":{"line":51,"column":20},"end":{"line":51,"column":57}},"28":{"start":{"line":52,"column":4},"end":{"line":52,"column":67}},"29":{"start":{"line":53,"column":4},"end":{"line":55,"column":51}},"30":{"start":{"line":57,"column":4},"end":{"line":59,"column":65}},"31":{"start":{"line":97,"column":2},"end":{"line":97,"column":22}},"32":{"start":{"line":63,"column":27},"end":{"line":77,"column":2}},"33":{"start":{"line":63,"column":65},"end":{"line":77,"column":2}},"34":{"start":{"line":64,"column":2},"end":{"line":76,"column":3}},"35":{"start":{"line":65,"column":23},"end":{"line":65,"column":33}},"36":{"start":{"line":66,"column":20},"end":{"line":66,"column":28}},"37":{"start":{"line":67,"column":24},"end":{"line":67,"column":62}},"38":{"start":{"line":68,"column":4},"end":{"line":68,"column":72}},"39":{"start":{"line":69,"column":4},"end":{"line":71,"column":57}},"40":{"start":{"line":73,"column":4},"end":{"line":75,"column":65}},"41":{"start":{"line":98,"column":2},"end":{"line":98,"column":20}},"42":{"start":{"line":79,"column":29},"end":{"line":92,"column":2}},"43":{"start":{"line":79,"column":67},"end":{"line":92,"column":2}},"44":{"start":{"line":80,"column":2},"end":{"line":91,"column":3}},"45":{"start":{"line":81,"column":23},"end":{"line":81,"column":33}},"46":{"start":{"line":82,"column":17},"end":{"line":82,"column":48}},"47":{"start":{"line":83,"column":4},"end":{"line":83,"column":59}},"48":{"start":{"line":84,"column":4},"end":{"line":86,"column":54}},"49":{"start":{"line":88,"column":4},"end":{"line":90,"column":72}},"50":{"start":{"line":99,"column":2},"end":{"line":99,"column":22}}},"fnMap":{"0":{"name":"(anonymous_7)","decl":{"start":{"line":12,"column":30},"end":{"line":12,"column":37}},"loc":{"start":{"line":12,"column":68},"end":{"line":31,"column":2}}},"1":{"name":"(anonymous_8)","decl":{"start":{"line":12,"column":68},"end":{"line":12,"column":null}},"loc":{"start":{"line":12,"column":68},"end":{"line":31,"column":1}}},"2":{"name":"(anonymous_9)","decl":{"start":{"line":33,"column":33},"end":{"line":33,"column":40}},"loc":{"start":{"line":33,"column":71},"end":{"line":45,"column":2}}},"3":{"name":"(anonymous_10)","decl":{"start":{"line":33,"column":71},"end":{"line":33,"column":null}},"loc":{"start":{"line":33,"column":71},"end":{"line":45,"column":1}}},"4":{"name":"(anonymous_11)","decl":{"start":{"line":47,"column":29},"end":{"line":47,"column":36}},"loc":{"start":{"line":47,"column":67},"end":{"line":61,"column":2}}},"5":{"name":"(anonymous_12)","decl":{"start":{"line":47,"column":67},"end":{"line":47,"column":null}},"loc":{"start":{"line":47,"column":67},"end":{"line":61,"column":1}}},"6":{"name":"(anonymous_13)","decl":{"start":{"line":63,"column":27},"end":{"line":63,"column":34}},"loc":{"start":{"line":63,"column":65},"end":{"line":77,"column":2}}},"7":{"name":"(anonymous_14)","decl":{"start":{"line":63,"column":65},"end":{"line":63,"column":null}},"loc":{"start":{"line":63,"column":65},"end":{"line":77,"column":1}}},"8":{"name":"(anonymous_15)","decl":{"start":{"line":79,"column":29},"end":{"line":79,"column":36}},"loc":{"start":{"line":79,"column":67},"end":{"line":92,"column":2}}},"9":{"name":"(anonymous_16)","decl":{"start":{"line":79,"column":67},"end":{"line":79,"column":null}},"loc":{"start":{"line":79,"column":67},"end":{"line":92,"column":1}}}},"branchMap":{"0":{"loc":{"start":{"line":14,"column":10},"end":{"line":14,"column":18}},"type":"default-arg","locations":[{"start":{"line":14,"column":17},"end":{"line":14,"column":18}}]},"1":{"loc":{"start":{"line":16,"column":4},"end":{"line":18,"column":5}},"type":"if","locations":[{"start":{"line":16,"column":4},"end":{"line":18,"column":5}}]},"2":{"loc":{"start":{"line":16,"column":8},"end":{"line":16,"column":59}},"type":"binary-expr","locations":[{"start":{"line":16,"column":8},"end":{"line":16,"column":19}},{"start":{"line":16,"column":23},"end":{"line":16,"column":32}},{"start":{"line":16,"column":36},"end":{"line":16,"column":59}}]},"3":{"loc":{"start":{"line":21,"column":6},"end":{"line":21,"column":56}},"type":"cond-expr","locations":[{"start":{"line":21,"column":18},"end":{"line":21,"column":49}},{"start":{"line":21,"column":52},"end":{"line":21,"column":56}}]}},"s":{"0":1,"1":1,"2":1,"3":1,"4":0,"5":0,"6":0,"7":0,"8":0,"9":0,"10":0,"11":0,"12":0,"13":1,"14":1,"15":0,"16":0,"17":0,"18":0,"19":0,"20":0,"21":1,"22":1,"23":0,"24":0,"25":0,"26":0,"27":0,"28":0,"29":0,"30":0,"31":1,"32":1,"33":0,"34":0,"35":0,"36":0,"37":0,"38":0,"39":0,"40":0,"41":1,"42":1,"43":0,"44":0,"45":0,"46":0,"47":0,"48":0,"49":0,"50":1},"f":{"0":0,"1":0,"2":0,"3":0,"4":0,"5":0,"6":0,"7":0,"8":0,"9":0},"b":{"0":[0],"1":[0],"2":[0,0,0],"3":[0,0]}}
,"C:\\Users\\anchi\\Documents\\PROGRAMMING\\PORTFOLIO PROJECTS\\Prueba Tecnica\\back\\src\\tasks\\models.ts": {"path":"C:\\Users\\anchi\\Documents\\PROGRAMMING\\PORTFOLIO PROJECTS\\Prueba Tecnica\\back\\src\\tasks\\models.ts","statementMap":{"0":{"start":{"line":1,"column":0},"end":{"line":1,"column":45}},"1":{"start":{"line":2,"column":0},"end":{"line":2,"column":40}},"2":{"start":{"line":3,"column":0},"end":{"line":3,"column":35}},"3":{"start":{"line":12,"column":0},"end":{"line":41,"column":2}},"4":{"start":{"line":43,"column":0},"end":{"line":46,"column":3}},"5":{"start":{"line":47,"column":0},"end":{"line":50,"column":3}},"6":{"start":{"line":52,"column":0},"end":{"line":52,"column":20}}},"fnMap":{},"branchMap":{},"s":{"0":2,"1":2,"2":2,"3":2,"4":2,"5":2,"6":2},"f":{},"b":{}}
,"C:\\Users\\anchi\\Documents\\PROGRAMMING\\PORTFOLIO PROJECTS\\Prueba Tecnica\\back\\src\\tasks\\routes.ts": {"path":"C:\\Users\\anchi\\Documents\\PROGRAMMING\\PORTFOLIO PROJECTS\\Prueba Tecnica\\back\\src\\tasks\\routes.ts","statementMap":{"0":{"start":{"line":1,"column":0},"end":{"line":1,"column":30}},"1":{"start":{"line":2,"column":15},"end":{"line":2,"column":31}},"2":{"start":{"line":4,"column":0},"end":{"line":4,"column":null}},"3":{"start":{"line":12,"column":0},"end":{"line":12,"column":61}},"4":{"start":{"line":13,"column":0},"end":{"line":13,"column":64}},"5":{"start":{"line":15,"column":0},"end":{"line":15,"column":42}},"6":{"start":{"line":16,"column":0},"end":{"line":16,"column":39}},"7":{"start":{"line":18,"column":0},"end":{"line":18,"column":70}},"8":{"start":{"line":19,"column":0},"end":{"line":26,"column":4}},"9":{"start":{"line":27,"column":0},"end":{"line":34,"column":56}},"10":{"start":{"line":36,"column":0},"end":{"line":36,"column":22}}},"fnMap":{},"branchMap":{},"s":{"0":1,"1":1,"2":1,"3":1,"4":1,"5":1,"6":1,"7":1,"8":1,"9":1,"10":1},"f":{},"b":{}}
,"C:\\Users\\anchi\\Documents\\PROGRAMMING\\PORTFOLIO PROJECTS\\Prueba Tecnica\\back\\src\\tasks\\schemas.ts": {"path":"C:\\Users\\anchi\\Documents\\PROGRAMMING\\PORTFOLIO PROJECTS\\Prueba Tecnica\\back\\src\\tasks\\schemas.ts","statementMap":{"0":{"start":{"line":1,"column":0},"end":{"line":1,"column":22}},"1":{"start":{"line":3,"column":13},"end":{"line":5,"column":3}},"2":{"start":{"line":7,"column":13},"end":{"line":10,"column":27}}},"fnMap":{},"branchMap":{},"s":{"0":1,"1":1,"2":1},"f":{},"b":{}}
,"C:\\Users\\anchi\\Documents\\PROGRAMMING\\PORTFOLIO PROJECTS\\Prueba Tecnica\\back\\src\\tasks\\services.ts": {"path":"C:\\Users\\anchi\\Documents\\PROGRAMMING\\PORTFOLIO PROJECTS\\Prueba Tecnica\\back\\src\\tasks\\services.ts","statementMap":{"0":{"start":{"line":1,"column":0},"end":{"line":1,"column":28}},"1":{"start":{"line":2,"column":0},"end":{"line":2,"column":35}},"2":{"start":{"line":4,"column":34},"end":{"line":27,"column":2}},"3":{"start":{"line":4,"column":87},"end":{"line":27,"column":2}},"4":{"start":{"line":5,"column":16},"end":{"line":5,"column":17}},"5":{"start":{"line":6,"column":17},"end":{"line":6,"column":35}},"6":{"start":{"line":8,"column":25},"end":{"line":8,"column":64}},"7":{"start":{"line":10,"column":16},"end":{"line":22,"column":4}},"8":{"start":{"line":24,"column":21},"end":{"line":24,"column":64}},"9":{"start":{"line":26,"column":2},"end":{"line":26,"column":31}},"10":{"start":{"line":4,"column":13},"end":{"line":4,"column":34}},"11":{"start":{"line":29,"column":37},"end":{"line":46,"column":2}},"12":{"start":{"line":29,"column":62},"end":{"line":46,"column":2}},"13":{"start":{"line":30,"column":15},"end":{"line":30,"column":42}},"14":{"start":{"line":31,"column":2},"end":{"line":33,"column":3}},"15":{"start":{"line":32,"column":4},"end":{"line":32,"column":44}},"16":{"start":{"line":34,"column":16},"end":{"line":44,"column":4}},"17":{"start":{"line":45,"column":2},"end":{"line":45,"column":15}},"18":{"start":{"line":29,"column":13},"end":{"line":29,"column":37}},"19":{"start":{"line":48,"column":33},"end":{"line":64,"column":2}},"20":{"start":{"line":48,"column":72},"end":{"line":64,"column":2}},"21":{"start":{"line":49,"column":15},"end":{"line":49,"column":42}},"22":{"start":{"line":50,"column":2},"end":{"line":52,"column":3}},"23":{"start":{"line":51,"column":4},"end":{"line":51,"column":44}},"24":{"start":{"line":53,"column":18},"end":{"line":53,"column":53}},"25":{"start":{"line":54,"column":23},"end":{"line":62,"column":4}},"26":{"start":{"line":63,"column":2},"end":{"line":63,"column":22}},"27":{"start":{"line":48,"column":13},"end":{"line":48,"column":33}},"28":{"start":{"line":66,"column":31},"end":{"line":82,"column":2}},"29":{"start":{"line":66,"column":70},"end":{"line":82,"column":2}},"30":{"start":{"line":67,"column":15},"end":{"line":75,"column":4}},"31":{"start":{"line":76,"column":2},"end":{"line":78,"column":3}},"32":{"start":{"line":77,"column":4},"end":{"line":77,"column":44}},"33":{"start":{"line":79,"column":2},"end":{"line":79,"column":29}},"34":{"start":{"line":81,"column":2},"end":{"line":81,"column":14}},"35":{"start":{"line":66,"column":13},"end":{"line":66,"column":31}},"36":{"start":{"line":84,"column":33},"end":{"line":99,"column":2}},"37":{"start":{"line":84,"column":58},"end":{"line":99,"column":2}},"38":{"start":{"line":85,"column":15},"end":{"line":93,"column":4}},"39":{"start":{"line":94,"column":2},"end":{"line":96,"column":3}},"40":{"start":{"line":95,"column":4},"end":{"line":95,"column":47}},"41":{"start":{"line":97,"column":2},"end":{"line":97,"column":23}},"42":{"start":{"line":98,"column":2},"end":{"line":98,"column":null}},"43":{"start":{"line":84,"column":13},"end":{"line":84,"column":33}}},"fnMap":{"0":{"name":"(anonymous_8)","decl":{"start":{"line":4,"column":34},"end":{"line":4,"column":41}},"loc":{"start":{"line":4,"column":87},"end":{"line":27,"column":2}}},"1":{"name":"(anonymous_9)","decl":{"start":{"line":4,"column":87},"end":{"line":4,"column":null}},"loc":{"start":{"line":4,"column":83},"end":{"line":27,"column":1}}},"2":{"name":"(anonymous_10)","decl":{"start":{"line":29,"column":37},"end":{"line":29,"column":44}},"loc":{"start":{"line":29,"column":62},"end":{"line":46,"column":2}}},"3":{"name":"(anonymous_11)","decl":{"start":{"line":29,"column":62},"end":{"line":29,"column":null}},"loc":{"start":{"line":29,"column":62},"end":{"line":46,"column":1}}},"4":{"name":"(anonymous_12)","decl":{"start":{"line":48,"column":33},"end":{"line":48,"column":40}},"loc":{"start":{"line":48,"column":72},"end":{"line":64,"column":2}}},"5":{"name":"(anonymous_13)","decl":{"start":{"line":48,"column":72},"end":{"line":48,"column":null}},"loc":{"start":{"line":48,"column":72},"end":{"line":64,"column":1}}},"6":{"name":"(anonymous_14)","decl":{"start":{"line":66,"column":31},"end":{"line":66,"column":38}},"loc":{"start":{"line":66,"column":70},"end":{"line":82,"column":2}}},"7":{"name":"(anonymous_15)","decl":{"start":{"line":66,"column":70},"end":{"line":66,"column":null}},"loc":{"start":{"line":66,"column":70},"end":{"line":82,"column":1}}},"8":{"name":"(anonymous_16)","decl":{"start":{"line":84,"column":33},"end":{"line":84,"column":40}},"loc":{"start":{"line":84,"column":58},"end":{"line":99,"column":2}}},"9":{"name":"(anonymous_17)","decl":{"start":{"line":84,"column":58},"end":{"line":84,"column":null}},"loc":{"start":{"line":84,"column":58},"end":{"line":99,"column":1}}}},"branchMap":{"0":{"loc":{"start":{"line":4,"column":41},"end":{"line":4,"column":49}},"type":"default-arg","locations":[{"start":{"line":4,"column":48},"end":{"line":4,"column":49}}]},"1":{"loc":{"start":{"line":4,"column":51},"end":{"line":4,"column":83}},"type":"default-arg","locations":[{"start":{"line":4,"column":79},"end":{"line":4,"column":83}}]},"2":{"loc":{"start":{"line":8,"column":25},"end":{"line":8,"column":64}},"type":"cond-expr","locations":[{"start":{"line":8,"column":46},"end":{"line":8,"column":59}},{"start":{"line":8,"column":62},"end":{"line":8,"column":64}}]},"3":{"loc":{"start":{"line":31,"column":2},"end":{"line":33,"column":3}},"type":"if","locations":[{"start":{"line":31,"column":2},"end":{"line":33,"column":3}}]},"4":{"loc":{"start":{"line":50,"column":2},"end":{"line":52,"column":3}},"type":"if","locations":[{"start":{"line":50,"column":2},"end":{"line":52,"column":3}}]},"5":{"loc":{"start":{"line":76,"column":2},"end":{"line":78,"column":3}},"type":"if","locations":[{"start":{"line":76,"column":2},"end":{"line":78,"column":3}}]},"6":{"loc":{"start":{"line":94,"column":2},"end":{"line":96,"column":3}},"type":"if","locations":[{"start":{"line":94,"column":2},"end":{"line":96,"column":3}}]}},"s":{"0":2,"1":2,"2":2,"3":2,"4":2,"5":2,"6":2,"7":2,"8":2,"9":2,"10":2,"11":2,"12":2,"13":2,"14":2,"15":1,"16":1,"17":1,"18":2,"19":2,"20":2,"21":2,"22":2,"23":1,"24":1,"25":1,"26":1,"27":2,"28":2,"29":2,"30":2,"31":2,"32":1,"33":1,"34":1,"35":2,"36":2,"37":2,"38":2,"39":2,"40":1,"41":1,"42":1,"43":2},"f":{"0":2,"1":2,"2":2,"3":2,"4":2,"5":2,"6":2,"7":2,"8":2,"9":2},"b":{"0":[0],"1":[1],"2":[1,1],"3":[1],"4":[1],"5":[1],"6":[1]}}
,"C:\\Users\\anchi\\Documents\\PROGRAMMING\\PORTFOLIO PROJECTS\\Prueba Tecnica\\back\\src\\users\\controllers.ts": {"path":"C:\\Users\\anchi\\Documents\\PROGRAMMING\\PORTFOLIO PROJECTS\\Prueba Tecnica\\back\\src\\users\\controllers.ts","statementMap":{"0":{"start":{"line":1,"column":0},"end":{"line":1,"column":48}},"1":{"start":{"line":3,"column":0},"end":{"line":3,"column":63}},"2":{"start":{"line":5,"column":29},"end":{"line":21,"column":2}},"3":{"start":{"line":5,"column":67},"end":{"line":21,"column":2}},"4":{"start":{"line":6,"column":2},"end":{"line":20,"column":3}},"5":{"start":{"line":7,"column":32},"end":{"line":7,"column":40}},"6":{"start":{"line":9,"column":28},"end":{"line":9,"column":61}},"7":{"start":{"line":11,"column":4},"end":{"line":15,"column":7}},"8":{"start":{"line":17,"column":4},"end":{"line":19,"column":72}},"9":{"start":{"line":55,"column":9},"end":{"line":55,"column":29}},"10":{"start":{"line":23,"column":28},"end":{"line":39,"column":2}},"11":{"start":{"line":23,"column":66},"end":{"line":39,"column":2}},"12":{"start":{"line":24,"column":2},"end":{"line":38,"column":3}},"13":{"start":{"line":25,"column":32},"end":{"line":25,"column":40}},"14":{"start":{"line":27,"column":28},"end":{"line":27,"column":60}},"15":{"start":{"line":29,"column":4},"end":{"line":33,"column":7}},"16":{"start":{"line":35,"column":4},"end":{"line":37,"column":72}},"17":{"start":{"line":55,"column":31},"end":{"line":55,"column":50}},"18":{"start":{"line":41,"column":29},"end":{"line":53,"column":1}},"19":{"start":{"line":42,"column":20},"end":{"line":42,"column":28}},"20":{"start":{"line":44,"column":17},"end":{"line":44,"column":34}},"21":{"start":{"line":46,"column":2},"end":{"line":50,"column":3}},"22":{"start":{"line":47,"column":4},"end":{"line":49,"column":54}},"23":{"start":{"line":52,"column":2},"end":{"line":52,"column":51}},"24":{"start":{"line":55,"column":52},"end":{"line":55,"column":72}}},"fnMap":{"0":{"name":"(anonymous_7)","decl":{"start":{"line":5,"column":29},"end":{"line":5,"column":36}},"loc":{"start":{"line":5,"column":67},"end":{"line":21,"column":2}}},"1":{"name":"(anonymous_8)","decl":{"start":{"line":5,"column":67},"end":{"line":5,"column":null}},"loc":{"start":{"line":5,"column":67},"end":{"line":21,"column":1}}},"2":{"name":"(anonymous_9)","decl":{"start":{"line":23,"column":28},"end":{"line":23,"column":35}},"loc":{"start":{"line":23,"column":66},"end":{"line":39,"column":2}}},"3":{"name":"(anonymous_10)","decl":{"start":{"line":23,"column":66},"end":{"line":23,"column":null}},"loc":{"start":{"line":23,"column":66},"end":{"line":39,"column":1}}},"4":{"name":"(anonymous_11)","decl":{"start":{"line":41,"column":29},"end":{"line":41,"column":30}},"loc":{"start":{"line":41,"column":61},"end":{"line":53,"column":1}}}},"branchMap":{"0":{"loc":{"start":{"line":46,"column":2},"end":{"line":50,"column":3}},"type":"if","locations":[{"start":{"line":46,"column":2},"end":{"line":50,"column":3}}]}},"s":{"0":1,"1":1,"2":1,"3":0,"4":0,"5":0,"6":0,"7":0,"8":0,"9":1,"10":1,"11":0,"12":0,"13":0,"14":0,"15":0,"16":0,"17":1,"18":1,"19":0,"20":0,"21":0,"22":0,"23":0,"24":1},"f":{"0":0,"1":0,"2":0,"3":0,"4":0},"b":{"0":[0]}}
,"C:\\Users\\anchi\\Documents\\PROGRAMMING\\PORTFOLIO PROJECTS\\Prueba Tecnica\\back\\src\\users\\models.ts": {"path":"C:\\Users\\anchi\\Documents\\PROGRAMMING\\PORTFOLIO PROJECTS\\Prueba Tecnica\\back\\src\\users\\models.ts","statementMap":{"0":{"start":{"line":1,"column":0},"end":{"line":1,"column":45}},"1":{"start":{"line":2,"column":0},"end":{"line":2,"column":40}},"2":{"start":{"line":13,"column":0},"end":{"line":43,"column":2}},"3":{"start":{"line":45,"column":0},"end":{"line":45,"column":20}}},"fnMap":{},"branchMap":{},"s":{"0":2,"1":2,"2":2,"3":2},"f":{},"b":{}}
,"C:\\Users\\anchi\\Documents\\PROGRAMMING\\PORTFOLIO PROJECTS\\Prueba Tecnica\\back\\src\\users\\routes.ts": {"path":"C:\\Users\\anchi\\Documents\\PROGRAMMING\\PORTFOLIO PROJECTS\\Prueba Tecnica\\back\\src\\users\\routes.ts","statementMap":{"0":{"start":{"line":1,"column":0},"end":{"line":1,"column":30}},"1":{"start":{"line":2,"column":15},"end":{"line":2,"column":31}},"2":{"start":{"line":3,"column":0},"end":{"line":3,"column":56}},"3":{"start":{"line":4,"column":0},"end":{"line":4,"column":64}},"4":{"start":{"line":6,"column":0},"end":{"line":6,"column":96}},"5":{"start":{"line":8,"column":0},"end":{"line":8,"column":86}},"6":{"start":{"line":9,"column":0},"end":{"line":9,"column":79}},"7":{"start":{"line":10,"column":0},"end":{"line":10,"column":55}},"8":{"start":{"line":12,"column":0},"end":{"line":12,"column":22}}},"fnMap":{},"branchMap":{},"s":{"0":1,"1":1,"2":1,"3":1,"4":1,"5":1,"6":1,"7":1,"8":1},"f":{},"b":{}}
,"C:\\Users\\anchi\\Documents\\PROGRAMMING\\PORTFOLIO PROJECTS\\Prueba Tecnica\\back\\src\\users\\schemas.ts": {"path":"C:\\Users\\anchi\\Documents\\PROGRAMMING\\PORTFOLIO PROJECTS\\Prueba Tecnica\\back\\src\\users\\schemas.ts","statementMap":{"0":{"start":{"line":1,"column":0},"end":{"line":1,"column":22}},"1":{"start":{"line":3,"column":13},"end":{"line":8,"column":3}},"2":{"start":{"line":10,"column":13},"end":{"line":13,"column":3}}},"fnMap":{},"branchMap":{},"s":{"0":1,"1":1,"2":1},"f":{},"b":{}}
,"C:\\Users\\anchi\\Documents\\PROGRAMMING\\PORTFOLIO PROJECTS\\Prueba Tecnica\\back\\src\\users\\services.ts": {"path":"C:\\Users\\anchi\\Documents\\PROGRAMMING\\PORTFOLIO PROJECTS\\Prueba Tecnica\\back\\src\\users\\services.ts","statementMap":{"0":{"start":{"line":1,"column":0},"end":{"line":1,"column":28}},"1":{"start":{"line":2,"column":0},"end":{"line":2,"column":31}},"2":{"start":{"line":3,"column":0},"end":{"line":3,"column":28}},"3":{"start":{"line":4,"column":0},"end":{"line":4,"column":16}},"4":{"start":{"line":6,"column":0},"end":{"line":6,"column":28}},"5":{"start":{"line":8,"column":26},"end":{"line":33,"column":2}},"6":{"start":{"line":8,"column":68},"end":{"line":33,"column":2}},"7":{"start":{"line":9,"column":23},"end":{"line":9,"column":63}},"8":{"start":{"line":10,"column":2},"end":{"line":12,"column":3}},"9":{"start":{"line":11,"column":4},"end":{"line":11,"column":51}},"10":{"start":{"line":14,"column":15},"end":{"line":14,"column":39}},"11":{"start":{"line":15,"column":25},"end":{"line":15,"column":58}},"12":{"start":{"line":17,"column":18},"end":{"line":20,"column":4}},"13":{"start":{"line":22,"column":23},"end":{"line":26,"column":4}},"14":{"start":{"line":28,"column":16},"end":{"line":30,"column":4}},"15":{"start":{"line":32,"column":2},"end":{"line":32,"column":39}},"16":{"start":{"line":8,"column":13},"end":{"line":8,"column":26}},"17":{"start":{"line":35,"column":25},"end":{"line":58,"column":2}},"18":{"start":{"line":35,"column":67},"end":{"line":58,"column":2}},"19":{"start":{"line":36,"column":15},"end":{"line":36,"column":55}},"20":{"start":{"line":38,"column":2},"end":{"line":40,"column":3}},"21":{"start":{"line":39,"column":4},"end":{"line":39,"column":54}},"22":{"start":{"line":42,"column":28},"end":{"line":42,"column":73}},"23":{"start":{"line":43,"column":2},"end":{"line":45,"column":3}},"24":{"start":{"line":44,"column":4},"end":{"line":44,"column":54}},"25":{"start":{"line":47,"column":23},"end":{"line":51,"column":4}},"26":{"start":{"line":53,"column":16},"end":{"line":55,"column":4}},"27":{"start":{"line":57,"column":2},"end":{"line":57,"column":39}},"28":{"start":{"line":35,"column":13},"end":{"line":35,"column":25}},"29":{"start":{"line":60,"column":26},"end":{"line":71,"column":1}},"30":{"start":{"line":61,"column":2},"end":{"line":63,"column":3}},"31":{"start":{"line":62,"column":4},"end":{"line":62,"column":28}},"32":{"start":{"line":65,"column":2},"end":{"line":70,"column":3}},"33":{"start":{"line":66,"column":20},"end":{"line":66,"column":71}},"34":{"start":{"line":67,"column":4},"end":{"line":67,"column":45}},"35":{"start":{"line":69,"column":4},"end":{"line":69,"column":28}},"36":{"start":{"line":60,"column":13},"end":{"line":60,"column":26}}},"fnMap":{"0":{"name":"(anonymous_8)","decl":{"start":{"line":8,"column":26},"end":{"line":8,"column":33}},"loc":{"start":{"line":8,"column":68},"end":{"line":33,"column":2}}},"1":{"name":"(anonymous_9)","decl":{"start":{"line":8,"column":68},"end":{"line":8,"column":null}},"loc":{"start":{"line":8,"column":68},"end":{"line":33,"column":1}}},"2":{"name":"(anonymous_10)","decl":{"start":{"line":35,"column":25},"end":{"line":35,"column":32}},"loc":{"start":{"line":35,"column":67},"end":{"line":58,"column":2}}},"3":{"name":"(anonymous_11)","decl":{"start":{"line":35,"column":67},"end":{"line":35,"column":null}},"loc":{"start":{"line":35,"column":67},"end":{"line":58,"column":1}}},"4":{"name":"(anonymous_12)","decl":{"start":{"line":60,"column":26},"end":{"line":60,"column":27}},"loc":{"start":{"line":60,"column":91},"end":{"line":71,"column":1}}}},"branchMap":{"0":{"loc":{"start":{"line":10,"column":2},"end":{"line":12,"column":3}},"type":"if","locations":[{"start":{"line":10,"column":2},"end":{"line":12,"column":3}}]},"1":{"loc":{"start":{"line":38,"column":2},"end":{"line":40,"column":3}},"type":"if","locations":[{"start":{"line":38,"column":2},"end":{"line":40,"column":3}}]},"2":{"loc":{"start":{"line":43,"column":2},"end":{"line":45,"column":3}},"type":"if","locations":[{"start":{"line":43,"column":2},"end":{"line":45,"column":3}}]},"3":{"loc":{"start":{"line":61,"column":2},"end":{"line":63,"column":3}},"type":"if","locations":[{"start":{"line":61,"column":2},"end":{"line":63,"column":3}}]}},"s":{"0":1,"1":1,"2":1,"3":1,"4":1,"5":1,"6":0,"7":0,"8":0,"9":0,"10":0,"11":0,"12":0,"13":0,"14":0,"15":0,"16":1,"17":1,"18":0,"19":0,"20":0,"21":0,"22":0,"23":0,"24":0,"25":0,"26":0,"27":0,"28":1,"29":1,"30":0,"31":0,"32":0,"33":0,"34":0,"35":0,"36":1},"f":{"0":0,"1":0,"2":0,"3":0,"4":0},"b":{"0":[0],"1":[0],"2":[0],"3":[0]}}
}
