TN:
SF:src\index.ts
FN:31,(anonymous_8)
FN:40,(anonymous_9)
FN:44,(anonymous_10)
FN:47,(anonymous_11)
FN:54,(anonymous_12)
FN:54,(anonymous_13)
FN:58,(anonymous_14)
FNF:7
FNH:3
FNDA:0,(anonymous_8)
FNDA:1,(anonymous_9)
FNDA:0,(anonymous_10)
FNDA:0,(anonymous_11)
FNDA:1,(anonymous_12)
FNDA:1,(anonymous_13)
FNDA:0,(anonymous_14)
DA:1,1
DA:2,1
DA:3,1
DA:4,1
DA:5,1
DA:6,1
DA:7,1
DA:8,1
DA:9,1
DA:10,1
DA:12,1
DA:13,1
DA:15,1
DA:16,1
DA:22,1
DA:23,1
DA:24,1
DA:26,1
DA:27,1
DA:29,1
DA:31,1
DA:32,0
DA:35,1
DA:40,1
DA:41,1
DA:44,1
DA:45,0
DA:47,0
DA:48,0
DA:52,1
DA:54,1
DA:55,1
DA:56,1
DA:58,0
DA:62,0
DA:66,1
LF:36
LH:30
BRDA:29,0,0,1
BRDA:29,0,1,0
BRF:2
BRH:1
end_of_record
TN:
SF:src\types.ts
FN:1,(anonymous_0)
FN:7,(anonymous_1)
FNF:2
FNH:2
FNDA:1,(anonymous_0)
FNDA:1,(anonymous_1)
DA:1,1
DA:2,1
DA:3,1
DA:4,1
DA:7,1
DA:8,1
DA:9,1
LF:7
LH:7
BRDA:1,0,0,1
BRDA:1,0,1,1
BRDA:7,1,0,1
BRDA:7,1,1,1
BRF:4
BRH:4
end_of_record
TN:
SF:src\db\sequelize.ts
FNF:0
FNH:0
DA:2,2
DA:3,2
DA:4,2
DA:6,2
DA:12,2
LF:5
LH:5
BRF:0
BRH:0
end_of_record
TN:
SF:src\middleware\auth.ts
FN:11,(anonymous_8)
FN:12,(anonymous_9)
FN:12,(anonymous_10)
FNF:3
FNH:1
FNDA:5,(anonymous_8)
FNDA:0,(anonymous_9)
FNDA:0,(anonymous_10)
DA:2,1
DA:3,1
DA:4,1
DA:5,1
DA:6,1
DA:8,1
DA:11,1
DA:12,5
DA:13,0
DA:15,0
DA:16,0
DA:21,0
DA:23,0
DA:24,0
DA:26,0
DA:27,0
DA:28,0
DA:33,0
DA:35,0
DA:36,0
DA:41,0
DA:44,0
DA:45,0
DA:49,0
DA:52,0
DA:55,0
DA:61,0
DA:66,0
LF:28
LH:8
BRDA:15,0,0,0
BRDA:15,1,0,0
BRDA:15,1,1,0
BRDA:27,2,0,0
BRDA:33,3,0,0
BRDA:33,3,1,0
BRDA:33,3,2,0
BRDA:33,3,3,0
BRDA:35,4,0,0
BRDA:44,5,0,0
BRF:10
BRH:0
end_of_record
TN:
SF:src\middleware\validateRequest.ts
FN:5,(anonymous_0)
FN:6,(anonymous_1)
FNF:2
FNH:2
FNDA:5,(anonymous_0)
FNDA:4,(anonymous_1)
DA:3,1
DA:5,1
DA:6,5
DA:7,4
DA:8,4
DA:9,3
DA:13,1
LF:7
LH:7
BRDA:8,0,0,3
BRF:1
BRH:1
end_of_record
TN:
SF:src\tasks\controllers.ts
FN:12,(anonymous_7)
FN:12,(anonymous_8)
FN:33,(anonymous_9)
FN:33,(anonymous_10)
FN:47,(anonymous_11)
FN:47,(anonymous_12)
FN:63,(anonymous_13)
FN:63,(anonymous_14)
FN:79,(anonymous_15)
FN:79,(anonymous_16)
FNF:10
FNH:0
FNDA:0,(anonymous_7)
FNDA:0,(anonymous_8)
FNDA:0,(anonymous_9)
FNDA:0,(anonymous_10)
FNDA:0,(anonymous_11)
FNDA:0,(anonymous_12)
FNDA:0,(anonymous_13)
FNDA:0,(anonymous_14)
FNDA:0,(anonymous_15)
FNDA:0,(anonymous_16)
DA:1,1
DA:3,1
DA:10,1
DA:12,1
DA:13,0
DA:14,0
DA:15,0
DA:16,0
DA:17,0
DA:19,0
DA:23,0
DA:27,0
DA:33,1
DA:34,0
DA:35,0
DA:36,0
DA:37,0
DA:41,0
DA:47,1
DA:48,0
DA:49,0
DA:50,0
DA:51,0
DA:52,0
DA:53,0
DA:57,0
DA:63,1
DA:64,0
DA:65,0
DA:66,0
DA:67,0
DA:68,0
DA:69,0
DA:73,0
DA:79,1
DA:80,0
DA:81,0
DA:82,0
DA:83,0
DA:84,0
DA:88,0
DA:95,1
DA:96,1
DA:97,1
DA:98,1
DA:99,1
LF:46
LH:13
BRDA:14,0,0,0
BRDA:16,1,0,0
BRDA:16,2,0,0
BRDA:16,2,1,0
BRDA:16,2,2,0
BRDA:21,3,0,0
BRDA:21,3,1,0
BRF:7
BRH:0
end_of_record
TN:
SF:src\tasks\models.ts
FNF:0
FNH:0
DA:1,2
DA:2,2
DA:3,2
DA:12,2
DA:43,2
DA:47,2
DA:52,2
LF:7
LH:7
BRF:0
BRH:0
end_of_record
TN:
SF:src\tasks\routes.ts
FNF:0
FNH:0
DA:1,1
DA:2,1
DA:4,1
DA:12,1
DA:13,1
DA:15,1
DA:16,1
DA:18,1
DA:19,1
DA:27,1
DA:36,1
LF:11
LH:11
BRF:0
BRH:0
end_of_record
TN:
SF:src\tasks\schemas.ts
FNF:0
FNH:0
DA:1,1
DA:3,1
DA:7,1
LF:3
LH:3
BRF:0
BRH:0
end_of_record
TN:
SF:src\tasks\services.ts
FN:4,(anonymous_8)
FN:4,(anonymous_9)
FN:29,(anonymous_10)
FN:29,(anonymous_11)
FN:48,(anonymous_12)
FN:48,(anonymous_13)
FN:66,(anonymous_14)
FN:66,(anonymous_15)
FN:84,(anonymous_16)
FN:84,(anonymous_17)
FNF:10
FNH:10
FNDA:2,(anonymous_8)
FNDA:2,(anonymous_9)
FNDA:2,(anonymous_10)
FNDA:2,(anonymous_11)
FNDA:2,(anonymous_12)
FNDA:2,(anonymous_13)
FNDA:2,(anonymous_14)
FNDA:2,(anonymous_15)
FNDA:2,(anonymous_16)
FNDA:2,(anonymous_17)
DA:1,2
DA:2,2
DA:4,2
DA:5,2
DA:6,2
DA:8,2
DA:10,2
DA:24,2
DA:26,2
DA:29,2
DA:30,2
DA:31,2
DA:32,1
DA:34,1
DA:45,1
DA:48,2
DA:49,2
DA:50,2
DA:51,1
DA:53,1
DA:54,1
DA:63,1
DA:66,2
DA:67,2
DA:76,2
DA:77,1
DA:79,1
DA:81,1
DA:84,2
DA:85,2
DA:94,2
DA:95,1
DA:97,1
DA:98,1
LF:34
LH:34
BRDA:4,0,0,0
BRDA:4,1,0,1
BRDA:8,2,0,1
BRDA:8,2,1,1
BRDA:31,3,0,1
BRDA:50,4,0,1
BRDA:76,5,0,1
BRDA:94,6,0,1
BRF:8
BRH:7
end_of_record
TN:
SF:src\users\controllers.ts
FN:5,(anonymous_7)
FN:5,(anonymous_8)
FN:23,(anonymous_9)
FN:23,(anonymous_10)
FN:41,(anonymous_11)
FNF:5
FNH:0
FNDA:0,(anonymous_7)
FNDA:0,(anonymous_8)
FNDA:0,(anonymous_9)
FNDA:0,(anonymous_10)
FNDA:0,(anonymous_11)
DA:1,1
DA:3,1
DA:5,1
DA:6,0
DA:7,0
DA:9,0
DA:11,0
DA:17,0
DA:23,1
DA:24,0
DA:25,0
DA:27,0
DA:29,0
DA:35,0
DA:41,1
DA:42,0
DA:44,0
DA:46,0
DA:47,0
DA:52,0
DA:55,1
LF:21
LH:6
BRDA:46,0,0,0
BRF:1
BRH:0
end_of_record
TN:
SF:src\users\models.ts
FNF:0
FNH:0
DA:1,2
DA:2,2
DA:13,2
DA:45,2
LF:4
LH:4
BRF:0
BRH:0
end_of_record
TN:
SF:src\users\routes.ts
FNF:0
FNH:0
DA:1,1
DA:2,1
DA:3,1
DA:4,1
DA:6,1
DA:8,1
DA:9,1
DA:10,1
DA:12,1
LF:9
LH:9
BRF:0
BRH:0
end_of_record
TN:
SF:src\users\schemas.ts
FNF:0
FNH:0
DA:1,1
DA:3,1
DA:10,1
LF:3
LH:3
BRF:0
BRH:0
end_of_record
TN:
SF:src\users\services.ts
FN:8,(anonymous_8)
FN:8,(anonymous_9)
FN:35,(anonymous_10)
FN:35,(anonymous_11)
FN:60,(anonymous_12)
FNF:5
FNH:0
FNDA:0,(anonymous_8)
FNDA:0,(anonymous_9)
FNDA:0,(anonymous_10)
FNDA:0,(anonymous_11)
FNDA:0,(anonymous_12)
DA:1,1
DA:2,1
DA:3,1
DA:4,1
DA:6,1
DA:8,1
DA:9,0
DA:10,0
DA:11,0
DA:14,0
DA:15,0
DA:17,0
DA:22,0
DA:28,0
DA:32,0
DA:35,1
DA:36,0
DA:38,0
DA:39,0
DA:42,0
DA:43,0
DA:44,0
DA:47,0
DA:53,0
DA:57,0
DA:60,1
DA:61,0
DA:62,0
DA:65,0
DA:66,0
DA:67,0
DA:69,0
LF:32
LH:8
BRDA:10,0,0,0
BRDA:38,1,0,0
BRDA:43,2,0,0
BRDA:61,3,0,0
BRF:4
BRH:0
end_of_record
